2024-10-30 08:03:12 [INFO] Starting application process
2024-10-30 08:05:45 [DEBUG] Initialized database connection pool
2024-10-30 08:06:33 [INFO] User authenticated: user_id=12345
2024-10-30 08:07:15 [WARN] Memory usage is above threshold
2024-10-30 08:08:24 [ERROR] Failed to fetch data from API - timeout
2024-10-30 08:09:55 [FATAL] System out of memory, shutting down immediately
2024-10-30 08:10:01 [INFO] Data processing completed successfully
2024-10-30 08:12:47 [ERROR] Disk I/O error detected
2024-10-30 08:13:59 [FATAL] Database corruption detected - immediate maintenance required
2024-10-30 08:15:30 [DEBUG] Cache refreshed for user_id=12345
2024-10-30 08:18:22 [INFO] New session started for user_id=67890
2024-10-30 08:20:55 [WARN] High CPU usage detected
2024-10-30 08:25:19 [ERROR] Unable to connect to database
2024-10-30 08:26:43 [INFO] Application shutdown initiated
2024-10-30 08:28:11 [FATAL] Fatal configuration error - unable to continue
2024-10-30 08:30:09 [INFO] Application shutdown completed
2024-10-30 08:32:56 [DEBUG] Debugging mode enabled by user_id=67890
2024-10-30 08:35:42 [WARN] Low disk space warning
2024-10-30 08:37:13 [INFO] Scheduled maintenance started
2024-10-30 08:40:28 [INFO] Scheduled maintenance completed
2024-10-30 08:43:55 [ERROR] Permission denied for user_id=55555
2024-10-30 08:47:10 [INFO] New feature flag enabled: dark_mode
2024-10-30 08:50:36 [WARN] Deprecated API called
2024-10-30 08:53:49 [ERROR] Unexpected application crash detected
2024-10-30 08:55:01 [FATAL] Kernel panic - critical system failure
